(skipping src/mongo/logger/log_severity-inl.h: iwyu reports no contentful changes)
(skipping build/scons/sconf_temp/conftest_21.cpp: iwyu reports no contentful changes)
(skipping build/scons/sconf_temp/conftest_3.cpp: iwyu reports no contentful changes)
(skipping src/mongo/client/write_operation_base.cpp: iwyu reports no contentful changes)
(skipping src/mongo/util/md5.h: iwyu reports no contentful changes)
(skipping build/darwin/cc_.._iwyu-test_iwyu.cc/cxx_.._iwyu-test_iwyu.cxx/mongo/base/error_codes.cpp: iwyu reports no contentful changes)
(skipping build/scons/sconf_temp/conftest_16.cpp: iwyu reports no contentful changes)
(skipping src/mongo/base/global_initializer.h: iwyu reports no contentful changes)
(skipping src/mongo/base/parse_number.h: iwyu reports no contentful changes)
(skipping build/scons/sconf_temp/conftest_19.cpp: iwyu reports no contentful changes)
(skipping src/mongo/util/md5.cpp: iwyu reports no contentful changes)
(skipping src/mongo/base/initializer_context.cpp: iwyu reports no contentful changes)
(skipping build/scons/sconf_temp/conftest_17.cpp: iwyu reports no contentful changes)
(skipping build/scons/sconf_temp/conftest_0.cpp: iwyu reports no contentful changes)
(skipping build/scons/sconf_temp/conftest_20.cpp: iwyu reports no contentful changes)
(skipping build/scons/sconf_temp/conftest_13.cpp: iwyu reports no contentful changes)
(skipping build/scons/sconf_temp/conftest_2.cpp: iwyu reports no contentful changes)
(skipping src/mongo/base/global_initializer.cpp: iwyu reports no contentful changes)
(skipping src/mongo/client/sasl_client_conversation.cpp: iwyu reports no contentful changes)
(skipping src/mongo/logger/log_component_settings.h: iwyu reports no contentful changes)
>>> Fixing #includes in 'src/mongo/client/insert_write_operation.h'
>>> Fixing #includes in 'src/mongo/client/index_spec.cpp'
>>> Fixing #includes in 'src/mongo/dbtests/mock/mock_dbclient_connection.h'
>>> Fixing #includes in 'build/scons/sconf_temp/conftest_11.cpp'
>>> Fixing #includes in 'src/mongo/base/string_data.h'
>>> Fixing #includes in 'src/mongo/util/assert_util.cpp'
>>> Fixing #includes in 'src/mongo/base/status.cpp'
>>> Fixing #includes in 'src/mongo/logger/logger.cpp'
>>> Fixing #includes in 'src/mongo/util/net/socket_poll.cpp'
>>> Fixing #includes in 'src/mongo/util/net/message_port.h'
>>> Fixing #includes in 'src/mongo/client/command_writer.h'
>>> Fixing #includes in 'src/mongo/client/insert_write_operation.cpp'
>>> Fixing #includes in 'src/mongo/base/initializer_dependency_graph.h'
>>> Fixing #includes in 'src/mongo/util/concurrency/thread_name.h'
>>> Fixing #includes in 'src/mongo/geo/coordinates2dgeographic.h'
>>> Fixing #includes in 'src/mongo/geo/coordinates2dgeographic.cpp'
>>> Fixing #includes in 'src/mongo/dbtests/mock/mock_conn_registry.cpp'
>>> Fixing #includes in 'src/third_party/murmurhash3/MurmurHash3.h'
>>> Fixing #includes in 'src/mongo/util/password_digest.cpp'
>>> Fixing #includes in 'src/mongo/util/net/sock.cpp'
>>> Fixing #includes in 'src/mongo/client/dbclient_rs.cpp'
>>> Fixing #includes in 'src/mongo/client/replica_set_monitor.cpp'
>>> Fixing #includes in 'src/mongo/logger/logstream_builder.cpp'
>>> Fixing #includes in 'src/mongo/logger/message_log_domain.h'
>>> Fixing #includes in 'src/mongo/bson/bsontypes.h'
No changes in file src/mongo/bson/bsontypes.h
>>> Fixing #includes in 'src/mongo/util/concurrency/thread_name.cpp'
>>> Fixing #includes in 'src/mongo/logger/logstream_builder.h'
>>> Fixing #includes in 'src/mongo/util/timer.h'
No changes in file src/mongo/util/timer.h
>>> Fixing #includes in 'src/mongo/dbtests/mock/mock_conn_registry.h'
>>> Fixing #includes in 'src/mongo/util/text.cpp'
>>> Fixing #includes in 'src/mongo/logger/message_event_utf8_encoder.cpp'
>>> Fixing #includes in 'src/mongo/client/dbclient_rs.h'
>>> Fixing #includes in 'src/mongo/util/hex.cpp'
>>> Fixing #includes in 'src/mongo/bson/bsonobj.h'
>>> Fixing #includes in 'src/mongo/bson/bson_validate.cpp'
>>> Fixing #includes in 'src/mongo/unittest/client_test_main.cpp'
>>> Fixing #includes in 'src/mongo/client/gridfs.cpp'
>>> Fixing #includes in 'src/mongo/util/fail_point.h'
>>> Fixing #includes in 'src/mongo/util/background.cpp'
>>> Fixing #includes in 'src/mongo/client/write_result.cpp'
>>> Fixing #includes in 'src/mongo/util/log.h'
>>> Fixing #includes in 'src/mongo/dbtests/mock/mock_replica_set.h'
>>> Fixing #includes in 'src/mongo/logger/log_component.h'
No changes in file src/mongo/logger/log_component.h
>>> Fixing #includes in 'src/mongo/base/initializer.h'
No changes in file src/mongo/base/initializer.h
>>> Fixing #includes in 'src/mongo/client/dbclientcursorshimarray.h'
>>> Fixing #includes in 'src/mongo/client/sasl_plain_client_conversation.h'
>>> Fixing #includes in 'src/mongo/client/sasl_client_session.h'
>>> Fixing #includes in 'src/mongo/bson/bsonelement.cpp'
>>> Fixing #includes in 'src/mongo/platform/process_id.cpp'
>>> Fixing #includes in 'src/mongo/client/dbclientcursorshimcursorid.h'
>>> Fixing #includes in 'src/mongo/base/global_initializer_registerer.h'
>>> Fixing #includes in 'src/mongo/bson/bsonobjbuilder.h'
>>> Fixing #includes in 'src/mongo/db/json.cpp'
>>> Fixing #includes in 'src/mongo/util/password_digest.h'
>>> Fixing #includes in 'build/darwin/cc_.._iwyu-test_iwyu.cc/cxx_.._iwyu-test_iwyu.cxx/mongo/base/error_codes.h'
No changes in file build/darwin/cc_.._iwyu-test_iwyu.cc/cxx_.._iwyu-test_iwyu.cxx/mongo/base/error_codes.h
>>> Fixing #includes in 'src/mongo/util/fail_point_registry.h'
>>> Fixing #includes in 'src/mongo/base/status-inl.h'
>>> Fixing #includes in 'src/mongo/bson/oid.h'
>>> Fixing #includes in 'src/mongo/base/init.h'
>>> Fixing #includes in 'src/mongo/dbtests/mock/mock_dbclient_cursor.cpp'
>>> Fixing #includes in 'src/mongo/util/net/message.cpp'
>>> Fixing #includes in 'src/mongo/client/dbclientcursor.cpp'
>>> Fixing #includes in 'src/mongo/base/initializer_context.h'
>>> Fixing #includes in 'src/mongo/bson/bsonobj.cpp'
>>> Fixing #includes in 'src/mongo/client/bulk_update_builder.h'
>>> Fixing #includes in 'src/mongo/util/time_support.cpp'
>>> Fixing #includes in 'src/mongo/client/bulk_update_builder.cpp'
>>> Fixing #includes in 'src/mongo/geo/coordinates2d.cpp'
>>> Fixing #includes in 'src/mongo/util/background.h'
>>> Fixing #includes in 'src/mongo/bson/bsontypes.cpp'
>>> Fixing #includes in 'src/mongo/util/net/message_port.cpp'
>>> Fixing #includes in 'src/mongo/bson/util/bson_extract.cpp'
>>> Fixing #includes in 'src/mongo/util/net/hostandport.cpp'
>>> Fixing #includes in 'src/mongo/util/net/ssl_manager.cpp'
>>> Fixing #includes in 'src/mongo/base/initializer.cpp'
>>> Fixing #includes in 'src/mongo/platform/random.cpp'
>>> Fixing #includes in 'src/mongo/base/initializer_dependency_graph.cpp'
>>> Fixing #includes in 'src/mongo/client/write_concern.cpp'
>>> Fixing #includes in 'src/mongo/client/write_concern.h'
>>> Fixing #includes in 'src/mongo/client/init.h'
>>> Fixing #includes in 'src/mongo/bson/bson_validate.h'
>>> Fixing #includes in 'src/mongo/util/timer.cpp'
>>> Fixing #includes in 'src/mongo/logger/log_component_settings.cpp'
>>> Fixing #includes in 'src/mongo/client/bulk_upsert_builder.cpp'
>>> Fixing #includes in 'src/mongo/client/bulk_operation_builder.h'
>>> Fixing #includes in 'src/mongo/client/dbclientcursorshimcursorid.cpp'
>>> Fixing #includes in 'src/mongo/client/options.cpp'
>>> Fixing #includes in 'src/mongo/logger/message_log_domain.cpp'
>>> Fixing #includes in 'src/mongo/client/options.h'
>>> Fixing #includes in 'src/mongo/client/delete_write_operation.cpp'
>>> Fixing #includes in 'src/mongo/base/global_initializer_registerer.cpp'
>>> Fixing #includes in 'src/mongo/dbtests/mock/mock_remote_db_server.cpp'
>>> Fixing #includes in 'src/mongo/util/net/sock.h'
>>> Fixing #includes in 'src/mongo/base/make_string_vector.cpp'
>>> Fixing #includes in 'src/mongo/util/net/message.h'
>>> Fixing #includes in 'src/mongo/geo/coordinates2d.h'
>>> Fixing #includes in 'src/mongo/platform/process_id.h'
>>> Fixing #includes in 'src/mongo/bson/bsonmisc.cpp'
>>> Fixing #includes in 'src/mongo/bson/bsonobjiterator.h'
>>> Fixing #includes in 'src/mongo/client/write_operation_base.h'
>>> Fixing #includes in 'src/mongo/bson/bsonmisc.h'
>>> Fixing #includes in 'src/mongo/util/net/socket_poll.h'
>>> Fixing #includes in 'src/mongo/util/net/ssl_manager.h'
>>> Fixing #includes in 'src/mongo/base/make_string_vector.h'
>>> Fixing #includes in 'src/mongo/bson/bsonobjiterator.cpp'
>>> Fixing #includes in 'src/mongo/util/fail_point_registry.cpp'
>>> Fixing #includes in 'src/mongo/base/status.h'
>>> Fixing #includes in 'src/mongo/dbtests/mock/mock_dbclient_connection.cpp'
>>> Fixing #includes in 'src/mongo/client/dbclientcursorshimarray.cpp'
>>> Fixing #includes in 'src/mongo/util/assert_util.h'
>>> Fixing #includes in 'src/mongo/base/parse_number.cpp'
>>> Fixing #includes in 'src/mongo/client/bulk_upsert_builder.h'
>>> Fixing #includes in 'src/mongo/bson/bsonelement.h'
>>> Fixing #includes in 'src/mongo/base/parse_number_test.cpp'
>>> Fixing #includes in 'src/mongo/db/dbmessage.h'
>>> Fixing #includes in 'src/mongo/dbtests/mock/mock_remote_db_server.h'
>>> Fixing #includes in 'src/mongo/base/string_data-inl.h'
>>> Fixing #includes in 'src/mongo/bson/util/bson_extract.h'
>>> Fixing #includes in 'src/mongo/logger/log_manager.cpp'
>>> Fixing #includes in 'src/mongo/logger/log_severity.cpp'
>>> Fixing #includes in 'src/mongo/client/exceptions.h'
>>> Fixing #includes in 'src/third_party/murmurhash3/MurmurHash3.cpp'
>>> Fixing #includes in 'src/mongo/util/time_support.h'
>>> Fixing #includes in 'src/mongo/util/hex.h'
>>> Fixing #includes in 'src/mongo/logger/log_component.cpp'
>>> Fixing #includes in 'src/mongo/util/concurrency/synchronization.cpp'
>>> Fixing #includes in 'src/mongo/util/stringutils.cpp'
>>> Fixing #includes in 'src/mongo/client/replica_set_monitor.h'
>>> Fixing #includes in 'src/mongo/util/fail_point.cpp'
>>> Fixing #includes in 'src/mongo/client/gridfs.h'
>>> Fixing #includes in 'src/mongo/logger/log_manager.h'
>>> Fixing #includes in 'src/mongo/logger/component_message_log_domain.cpp'
>>> Fixing #includes in 'src/mongo/base/string_data.cpp'
>>> Fixing #includes in 'src/mongo/logger/component_message_log_domain.h'
>>> Fixing #includes in 'src/third_party/gtest-1.7.0/src/gtest-all.cc'
>>> Fixing #includes in 'src/mongo/base/init.cpp'
>>> Fixing #includes in 'src/mongo/client/index_spec.h'
>>> Fixing #includes in 'src/mongo/logger/logger.h'
>>> Fixing #includes in 'src/mongo/util/text.h'
>>> Fixing #includes in 'src/mongo/db/json.h'
>>> Fixing #includes in 'src/mongo/logger/message_event_utf8_encoder.h'
>>> Fixing #includes in 'src/mongo/platform/random.h'
>>> Fixing #includes in 'src/mongo/client/init.cpp'
>>> Fixing #includes in 'src/mongo/dbtests/mock/mock_dbclient_cursor.h'
>>> Fixing #includes in 'src/mongo/client/write_result.h'
>>> Fixing #includes in 'src/mongo/bson/bsonobjbuilder.cpp'
>>> Fixing #includes in 'src/mongo/client/sasl_client_conversation.h'
>>> Fixing #includes in 'src/mongo/client/command_writer.cpp'
>>> Fixing #includes in 'src/mongo/client/update_write_operation.cpp'
>>> Fixing #includes in 'build/scons/sconf_temp/conftest_18.cpp'
ERROR: iwyu line number build/scons/sconf_temp/conftest_18.cpp:2 () is not an #include or forward declare - skipping file build/scons/sconf_temp/conftest_18.cpp
>>> Fixing #includes in 'src/mongo/util/fail_point_service.h'
>>> Fixing #includes in 'src/mongo/client/sasl_plain_client_conversation.cpp'
>>> Fixing #includes in 'src/mongo/client/sasl_client_authenticate.cpp'
>>> Fixing #includes in 'src/mongo/bson/oid.cpp'
>>> Fixing #includes in 'src/mongo/client/sasl_client_authenticate_impl.cpp'
>>> Fixing #includes in 'src/mongo/util/base64.cpp'
>>> Fixing #includes in 'src/mongo/util/concurrency/synchronization.h'
>>> Fixing #includes in 'src/mongo/util/fail_point_service.cpp'
>>> Fixing #includes in 'src/mongo/client/sasl_client_session.cpp'
>>> Fixing #includes in 'src/mongo/db/dbmessage.cpp'
>>> Fixing #includes in 'src/mongo/util/base64.h'
>>> Fixing #includes in 'src/mongo/client/update_write_operation.h'
>>> Fixing #includes in 'src/mongo/client/delete_write_operation.h'
>>> Fixing #includes in 'src/mongo/util/net/hostandport.h'
>>> Fixing #includes in 'src/mongo/client/bulk_operation_builder.cpp'
>>> Fixing #includes in 'src/mongo/logger/log_severity.h'
No changes in file src/mongo/logger/log_severity.h
>>> Fixing #includes in 'src/mongo/util/log.cpp'
>>> Fixing #includes in 'src/mongo/util/stringutils.h'
>>> Fixing #includes in 'src/mongo/client/exceptions.cpp'
>>> Fixing #includes in 'src/mongo/client/dbclient.cpp'
>>> Fixing #includes in 'src/mongo/client/wire_protocol_writer.h'
>>> Fixing #includes in 'src/mongo/client/dbclientcursor.h'
>>> Fixing #includes in 'src/mongo/client/wire_protocol_writer.cpp'
>>> Fixing #includes in 'src/mongo/client/sasl_client_authenticate.h'
>>> Fixing #includes in 'src/mongo/dbtests/mock/mock_replica_set.cpp'
IWYU edited 168 files on your behalf.

